<?xml version="1.0" encoding="UTF-8"?>
<!-- Generated by org.testng.reporters.JUnitReportReporter -->
<testsuite hostname="MSI" failures="0" tests="1" name="testCases.Test_User_Role" time="4.083" errors="0" timestamp="2022-12-11T04:04:09 IST" skipped="0">
  <testcase classname="testCases.Test_User_Role" name="checkUserRoleValueAndStatusValue" time="4.083"/>
  <system-out/>
</testsuite> <!-- testCases.Test_User_Role -->
