<?xml version="1.0" encoding="UTF-8"?>
<!-- Generated by org.testng.reporters.JUnitReportReporter -->
<testsuite hostname="MSI" failures="0" tests="1" name="testCases.Test_Pending_Leave_Request" time="8.291" errors="0" timestamp="2022-12-11T14:06:13 IST" skipped="0">
  <testcase classname="testCases.Test_Pending_Leave_Request" name="checkLeaveRequest" time="8.291"/>
  <system-out/>
</testsuite> <!-- testCases.Test_Pending_Leave_Request -->
